  lab2.cpp
F:\lab2\lab2\lab2\lab2.cpp(35,13): warning C4473: "scanf_s": передано недостаточно аргументов для строки формата
F:\lab2\lab2\lab2\lab2.cpp(35,13): message : заполнители и их параметры ожидают переменное число аргументов в количестве 2, но было предоставлено 1
F:\lab2\lab2\lab2\lab2.cpp(35,13): message : отсутствующий вариативный аргумент "2" требуется для строки форматирования "%s"
F:\lab2\lab2\lab2\lab2.cpp(35,13): message : этот аргумент используется в качестве размера буфера
F:\lab2\lab2\lab2\lab2.cpp(37,13): warning C4473: "scanf_s": передано недостаточно аргументов для строки формата
F:\lab2\lab2\lab2\lab2.cpp(37,13): message : заполнители и их параметры ожидают переменное число аргументов в количестве 2, но было предоставлено 1
F:\lab2\lab2\lab2\lab2.cpp(37,13): message : отсутствующий вариативный аргумент "2" требуется для строки форматирования "%s"
F:\lab2\lab2\lab2\lab2.cpp(37,13): message : этот аргумент используется в качестве размера буфера
F:\lab2\lab2\lab2\lab2.cpp(43,17): warning C4473: "scanf_s": передано недостаточно аргументов для строки формата
F:\lab2\lab2\lab2\lab2.cpp(43,17): message : заполнители и их параметры ожидают переменное число аргументов в количестве 2, но было предоставлено 1
F:\lab2\lab2\lab2\lab2.cpp(43,17): message : отсутствующий вариативный аргумент "2" требуется для строки форматирования "%s"
F:\lab2\lab2\lab2\lab2.cpp(43,17): message : этот аргумент используется в качестве размера буфера
F:\lab2\lab2\lab2\lab2.cpp(45,17): warning C4473: "scanf_s": передано недостаточно аргументов для строки формата
F:\lab2\lab2\lab2\lab2.cpp(45,17): message : заполнители и их параметры ожидают переменное число аргументов в количестве 2, но было предоставлено 1
F:\lab2\lab2\lab2\lab2.cpp(45,17): message : отсутствующий вариативный аргумент "2" требуется для строки форматирования "%s"
F:\lab2\lab2\lab2\lab2.cpp(45,17): message : этот аргумент используется в качестве размера буфера
F:\lab2\lab2\lab2\lab2.cpp(85,13): warning C4473: "scanf_s": передано недостаточно аргументов для строки формата
F:\lab2\lab2\lab2\lab2.cpp(85,13): message : заполнители и их параметры ожидают переменное число аргументов в количестве 2, но было предоставлено 1
F:\lab2\lab2\lab2\lab2.cpp(85,13): message : отсутствующий вариативный аргумент "2" требуется для строки форматирования "%s"
F:\lab2\lab2\lab2\lab2.cpp(85,13): message : этот аргумент используется в качестве размера буфера
F:\lab2\lab2\lab2\lab2.cpp(87,13): warning C4473: "scanf_s": передано недостаточно аргументов для строки формата
F:\lab2\lab2\lab2\lab2.cpp(87,13): message : заполнители и их параметры ожидают переменное число аргументов в количестве 2, но было предоставлено 1
F:\lab2\lab2\lab2\lab2.cpp(87,13): message : отсутствующий вариативный аргумент "2" требуется для строки форматирования "%s"
F:\lab2\lab2\lab2\lab2.cpp(87,13): message : этот аргумент используется в качестве размера буфера
F:\lab2\lab2\lab2\lab2.cpp(149,25): warning C4473: "scanf_s": передано недостаточно аргументов для строки формата
F:\lab2\lab2\lab2\lab2.cpp(149,25): message : заполнители и их параметры ожидают переменное число аргументов в количестве 2, но было предоставлено 1
F:\lab2\lab2\lab2\lab2.cpp(149,25): message : отсутствующий вариативный аргумент "2" требуется для строки форматирования "%s"
F:\lab2\lab2\lab2\lab2.cpp(149,25): message : этот аргумент используется в качестве размера буфера
F:\lab2\lab2\lab2\lab2.cpp(156,25): warning C4473: "scanf_s": передано недостаточно аргументов для строки формата
F:\lab2\lab2\lab2\lab2.cpp(156,25): message : заполнители и их параметры ожидают переменное число аргументов в количестве 2, но было предоставлено 1
F:\lab2\lab2\lab2\lab2.cpp(156,25): message : отсутствующий вариативный аргумент "2" требуется для строки форматирования "%s"
F:\lab2\lab2\lab2\lab2.cpp(156,25): message : этот аргумент используется в качестве размера буфера
F:\lab2\lab2\lab2\lab2.cpp(185,25): warning C4473: "scanf_s": передано недостаточно аргументов для строки формата
F:\lab2\lab2\lab2\lab2.cpp(185,25): message : заполнители и их параметры ожидают переменное число аргументов в количестве 2, но было предоставлено 1
F:\lab2\lab2\lab2\lab2.cpp(185,25): message : отсутствующий вариативный аргумент "2" требуется для строки форматирования "%s"
F:\lab2\lab2\lab2\lab2.cpp(185,25): message : этот аргумент используется в качестве размера буфера
F:\lab2\lab2\lab2\lab2.cpp(192,25): warning C4473: "scanf_s": передано недостаточно аргументов для строки формата
F:\lab2\lab2\lab2\lab2.cpp(192,25): message : заполнители и их параметры ожидают переменное число аргументов в количестве 2, но было предоставлено 1
F:\lab2\lab2\lab2\lab2.cpp(192,25): message : отсутствующий вариативный аргумент "2" требуется для строки форматирования "%s"
F:\lab2\lab2\lab2\lab2.cpp(192,25): message : этот аргумент используется в качестве размера буфера
  lab2.vcxproj -> F:\lab2\lab2\Debug\lab2.exe
